Base path: D:/Unity/Editor/Data
Cmd: initializeCompiler
<<<<<<< HEAD
=======
Cmd: preprocess
  insize=2036 outsize=644 ok=1
Cmd: preprocess
  insize=2739 outsize=775 ok=1
Cmd: preprocess
  insize=2220 outsize=702 ok=1
Cmd: preprocess
  insize=1457 outsize=1651 ok=1
Cmd: preprocess
  insize=2398 outsize=778 ok=1
Cmd: preprocess
  insize=1638 outsize=1645 ok=1
Cmd: preprocess
  insize=1969 outsize=710 ok=1
Cmd: preprocess
  insize=1539 outsize=602 ok=1
Cmd: preprocess
  insize=2492 outsize=784 ok=1
Cmd: preprocess
  insize=1810 outsize=649 ok=1
>>>>>>> 173921892d948e73985f0a69492e8163541a8d45
